# JRE version: OpenJDK Runtime Environment (8.0_275-b01) (build 1.8.0_275-8u275-b01-0ubuntu1~16.04-b01)
# Java VM: OpenJDK 64-Bit Server VM (25.275-b01 mixed mode linux-amd64 compressed oops)
Heap:
 def new generation   total 22336K, used 0K [0x00000000f0800000, 0x00000000f2030000, 0x00000000f5aa0000)
  eden space 19904K,   0% used [0x00000000f0800000, 0x00000000f0800000, 0x00000000f1b70000)
  from space 2432K,   0% used [0x00000000f1dd0000, 0x00000000f1dd0000, 0x00000000f2030000)
  to   space 2432K,   0% used [0x00000000f1b70000, 0x00000000f1b70000, 0x00000000f1dd0000)
 tenured generation   total 61112K, used 41153K [0x00000000f5aa0000, 0x00000000f964e000, 0x0000000100000000)
   the space 61112K,  67% used [0x00000000f5aa0000, 0x00000000f82d0748, 0x00000000f82d0800, 0x00000000f964e000)
 Metaspace       used 19625K, capacity 20230K, committed 20352K, reserved 1067008K
  class space    used 2204K, capacity 2379K, committed 2432K, reserved 1048576K
GC Heap History (10 events):
Event: 11.719 GC heap after
Heap after GC invocations=85 (full 6):
 def new generation   total 22336K, used 737K [0x00000000f0800000, 0x00000000f2030000, 0x00000000f5aa0000)
  eden space 19904K,   0% used [0x00000000f0800000, 0x00000000f0800000, 0x00000000f1b70000)
  from space 2432K,  30% used [0x00000000f1b70000, 0x00000000f1c287d0, 0x00000000f1dd0000)
  to   space 2432K,   0% used [0x00000000f1dd0000, 0x00000000f1dd0000, 0x00000000f2030000)
 tenured generation   total 49400K, used 39394K [0x00000000f5aa0000, 0x00000000f8ade000, 0x0000000100000000)
   the space 49400K,  79% used [0x00000000f5aa0000, 0x00000000f81188f0, 0x00000000f8118a00, 0x00000000f8ade000)
 Metaspace       used 19550K, capacity 20026K, committed 20352K, reserved 1067008K
  class space    used 2201K, capacity 2377K, committed 2432K, reserved 1048576K
}
Event: 11.913 GC heap before
{Heap before GC invocations=85 (full 6):
 def new generation   total 22336K, used 20641K [0x00000000f0800000, 0x00000000f2030000, 0x00000000f5aa0000)
  eden space 19904K, 100% used [0x00000000f0800000, 0x00000000f1b70000, 0x00000000f1b70000)
  from space 2432K,  30% used [0x00000000f1b70000, 0x00000000f1c287d0, 0x00000000f1dd0000)
  to   space 2432K,   0% used [0x00000000f1dd0000, 0x00000000f1dd0000, 0x00000000f2030000)
 tenured generation   total 49400K, used 39394K [0x00000000f5aa0000, 0x00000000f8ade000, 0x0000000100000000)
   the space 49400K,  79% used [0x00000000f5aa0000, 0x00000000f81188f0, 0x00000000f8118a00, 0x00000000f8ade000)
 Metaspace       used 19555K, capacity 20090K, committed 20352K, reserved 1067008K
  class space    used 2201K, capacity 2377K, committed 2432K, reserved 1048576K
Event: 11.918 GC heap after
Heap after GC invocations=86 (full 6):
 def new generation   total 22336K, used 1968K [0x00000000f0800000, 0x00000000f2030000, 0x00000000f5aa0000)
  eden space 19904K,   0% used [0x00000000f0800000, 0x00000000f0800000, 0x00000000f1b70000)
  from space 2432K,  80% used [0x00000000f1dd0000, 0x00000000f1fbc390, 0x00000000f2030000)
  to   space 2432K,   0% used [0x00000000f1b70000, 0x00000000f1b70000, 0x00000000f1dd0000)
 tenured generation   total 49400K, used 39394K [0x00000000f5aa0000, 0x00000000f8ade000, 0x0000000100000000)
   the space 49400K,  79% used [0x00000000f5aa0000, 0x00000000f81188f0, 0x00000000f8118a00, 0x00000000f8ade000)
 Metaspace       used 19555K, capacity 20090K, committed 20352K, reserved 1067008K
  class space    used 2201K, capacity 2377K, committed 2432K, reserved 1048576K
}
Event: 12.153 GC heap before
{Heap before GC invocations=86 (full 6):
 def new generation   total 22336K, used 21872K [0x00000000f0800000, 0x00000000f2030000, 0x00000000f5aa0000)
  eden space 19904K, 100% used [0x00000000f0800000, 0x00000000f1b70000, 0x00000000f1b70000)
  from space 2432K,  80% used [0x00000000f1dd0000, 0x00000000f1fbc390, 0x00000000f2030000)
  to   space 2432K,   0% used [0x00000000f1b70000, 0x00000000f1b70000, 0x00000000f1dd0000)
 tenured generation   total 49400K, used 39394K [0x00000000f5aa0000, 0x00000000f8ade000, 0x0000000100000000)
   the space 49400K,  79% used [0x00000000f5aa0000, 0x00000000f81188f0, 0x00000000f8118a00, 0x00000000f8ade000)
 Metaspace       used 19571K, capacity 20166K, committed 20352K, reserved 1067008K
  class space    used 2202K, capacity 2379K, committed 2432K, reserved 1048576K
Event: 12.157 GC heap after
Heap after GC invocations=87 (full 6):
 def new generation   total 22336K, used 389K [0x00000000f0800000, 0x00000000f2030000, 0x00000000f5aa0000)
  eden space 19904K,   0% used [0x00000000f0800000, 0x00000000f0800000, 0x00000000f1b70000)
  from space 2432K,  16% used [0x00000000f1b70000, 0x00000000f1bd1600, 0x00000000f1dd0000)
  to   space 2432K,   0% used [0x00000000f1dd0000, 0x00000000f1dd0000, 0x00000000f2030000)
 tenured generation   total 49400K, used 39990K [0x00000000f5aa0000, 0x00000000f8ade000, 0x0000000100000000)
   the space 49400K,  80% used [0x00000000f5aa0000, 0x00000000f81ad930, 0x00000000f81ada00, 0x00000000f8ade000)
 Metaspace       used 19571K, capacity 20166K, committed 20352K, reserved 1067008K
  class space    used 2202K, capacity 2379K, committed 2432K, reserved 1048576K
}
Event: 12.290 GC heap before
{Heap before GC invocations=87 (full 6):
 def new generation   total 22336K, used 20293K [0x00000000f0800000, 0x00000000f2030000, 0x00000000f5aa0000)
  eden space 19904K, 100% used [0x00000000f0800000, 0x00000000f1b70000, 0x00000000f1b70000)
  from space 2432K,  16% used [0x00000000f1b70000, 0x00000000f1bd1600, 0x00000000f1dd0000)
  to   space 2432K,   0% used [0x00000000f1dd0000, 0x00000000f1dd0000, 0x00000000f2030000)
 tenured generation   total 49400K, used 39990K [0x00000000f5aa0000, 0x00000000f8ade000, 0x0000000100000000)
   the space 49400K,  80% used [0x00000000f5aa0000, 0x00000000f81ad930, 0x00000000f81ada00, 0x00000000f8ade000)
 Metaspace       used 19580K, capacity 20166K, committed 20352K, reserved 1067008K
  class space    used 2202K, capacity 2379K, committed 2432K, reserved 1048576K
Event: 12.292 GC heap after
Heap after GC invocations=88 (full 6):
 def new generation   total 22336K, used 744K [0x00000000f0800000, 0x00000000f2030000, 0x00000000f5aa0000)
  eden space 19904K,   0% used [0x00000000f0800000, 0x00000000f0800000, 0x00000000f1b70000)
  from space 2432K,  30% used [0x00000000f1dd0000, 0x00000000f1e8a0a0, 0x00000000f2030000)
  to   space 2432K,   0% used [0x00000000f1b70000, 0x00000000f1b70000, 0x00000000f1dd0000)
 tenured generation   total 49400K, used 39990K [0x00000000f5aa0000, 0x00000000f8ade000, 0x0000000100000000)
   the space 49400K,  80% used [0x00000000f5aa0000, 0x00000000f81ad930, 0x00000000f81ada00, 0x00000000f8ade000)
 Metaspace       used 19580K, capacity 20166K, committed 20352K, reserved 1067008K
  class space    used 2202K, capacity 2379K, committed 2432K, reserved 1048576K
}
Event: 12.724 GC heap before
{Heap before GC invocations=88 (full 6):
 def new generation   total 22336K, used 20648K [0x00000000f0800000, 0x00000000f2030000, 0x00000000f5aa0000)
  eden space 19904K, 100% used [0x00000000f0800000, 0x00000000f1b70000, 0x00000000f1b70000)
  from space 2432K,  30% used [0x00000000f1dd0000, 0x00000000f1e8a0a0, 0x00000000f2030000)
  to   space 2432K,   0% used [0x00000000f1b70000, 0x00000000f1b70000, 0x00000000f1dd0000)
 tenured generation   total 49400K, used 39990K [0x00000000f5aa0000, 0x00000000f8ade000, 0x0000000100000000)
   the space 49400K,  80% used [0x00000000f5aa0000, 0x00000000f81ad930, 0x00000000f81ada00, 0x00000000f8ade000)
 Metaspace       used 19625K, capacity 20230K, committed 20352K, reserved 1067008K
  class space    used 2204K, capacity 2379K, committed 2432K, reserved 1048576K
Event: 12.741 GC heap after
Heap after GC invocations=89 (full 6):
 def new generation   total 22336K, used 2432K [0x00000000f0800000, 0x00000000f2030000, 0x00000000f5aa0000)
  eden space 19904K,   0% used [0x00000000f0800000, 0x00000000f0800000, 0x00000000f1b70000)
  from space 2432K, 100% used [0x00000000f1b70000, 0x00000000f1dd0000, 0x00000000f1dd0000)
  to   space 2432K,   0% used [0x00000000f1dd0000, 0x00000000f1dd0000, 0x00000000f2030000)
 tenured generation   total 49400K, used 48131K [0x00000000f5aa0000, 0x00000000f8ade000, 0x0000000100000000)
   the space 49400K,  97% used [0x00000000f5aa0000, 0x00000000f89a0f38, 0x00000000f89a1000, 0x00000000f8ade000)
 Metaspace       used 19625K, capacity 20230K, committed 20352K, reserved 1067008K
  class space    used 2204K, capacity 2379K, committed 2432K, reserved 1048576K
}
Event: 13.319 GC heap before
{Heap before GC invocations=89 (full 6):
 def new generation   total 22336K, used 22336K [0x00000000f0800000, 0x00000000f2030000, 0x00000000f5aa0000)
  eden space 19904K, 100% used [0x00000000f0800000, 0x00000000f1b70000, 0x00000000f1b70000)
  from space 2432K, 100% used [0x00000000f1b70000, 0x00000000f1dd0000, 0x00000000f1dd0000)
  to   space 2432K,   0% used [0x00000000f1dd0000, 0x00000000f1dd0000, 0x00000000f2030000)
 tenured generation   total 49400K, used 48131K [0x00000000f5aa0000, 0x00000000f8ade000, 0x0000000100000000)
   the space 49400K,  97% used [0x00000000f5aa0000, 0x00000000f89a0f38, 0x00000000f89a1000, 0x00000000f8ade000)
 Metaspace       used 19625K, capacity 20230K, committed 20352K, reserved 1067008K
  class space    used 2204K, capacity 2379K, committed 2432K, reserved 1048576K

